<?xml version="1.0" encoding="UTF-8"?>
<testsuites name="web-service-tests - All Test Cases" time="7.377" tests="2" failures="0" errors="0">
   <testsuite name="web-service-tests - All Test Cases" tests="2" failures="0" errors="0" time="7.377" skipped="0" timestamp="2022-01-24 10:24:20" hostname="ly.doan - 192.168.1.6" id="Test Suites/Folder B/Folder B.1/Folder B.1.1/web-service-tests - All Test Cases">
      <properties>
         <property name="deviceName" value=""/>
         <property name="devicePlatform" value=""/>
         <property name="logFolder" value="/Users/ly.doan/web-service-test/Reports/20220124_102259/Folder B/Folder B.1/Folder B.1.1/web-service-tests - All Test Cases/20220124_102333"/>
         <property name="logFiles" value="/Users/ly.doan/web-service-test/Reports/20220124_102259/Folder B/Folder B.1/Folder B.1.1/web-service-tests - All Test Cases/20220124_102333/execution0.log"/>
         <property name="attachments" value=""/>
         <property name="hostName" value="ly.doan - 192.168.1.6"/>
         <property name="hostAddress" value="192.168.1.6"/>
         <property name="os" value="Mac OS X 64bit"/>
         <property name="katalonVersion" value="8.1.0.208"/>
      </properties>
      <testcase name="Test Cases/Create a new user" time="3.138" classname="Test Cases/Create a new user" status="PASSED">
         <system-out><![CDATA[2022-01-24 10:24:20 - [TEST_CASE][PASSED] - Test Cases/Create a new user: Test Cases/Create a new user

2022-01-24 10:24:20 - [TEST_STEP][PASSED] - sample.Common.createNewUser(age, username, password, gender, 200): sample.Common.createNewUser is PASSED

2022-01-24 10:24:23 - [MESSAGE][INFO] - HAR: /Users/ly.doan/web-service-test/Reports/20220124_102259/Folder B/Folder B.1/Folder B.1.1/web-service-tests - All Test Cases/20220124_102333/requests/main/0.har

2022-01-24 10:24:23 - [TEST_CASE][PASSED] - Start Test Case : Verification: Verification accomplished successfully

2022-01-24 10:24:23 - [TEST_STEP][PASSED] - request = getInstance().getCurrentRequest(): null

2022-01-24 10:24:23 - [TEST_STEP][PASSED] - response = getInstance().getCurrentResponse(): null

2022-01-24 10:24:23 - [TEST_STEP][PASSED] - assert response.getStatusCode() == 200: null

2022-01-24 10:24:23 - [TEST_STEP][PASSED] - verifyElementPropertyValue(response, "age", 25): Verify element property value successfully

2022-01-24 10:24:23 - [MESSAGE][PASSED] - Verify element property value successfully

2022-01-24 10:24:23 - [TEST_STEP][PASSED] - verifyElementPropertyValue(response, "username", "mimi"): Verify element property value successfully

2022-01-24 10:24:23 - [MESSAGE][PASSED] - Verify element property value successfully

2022-01-24 10:24:23 - [TEST_STEP][PASSED] - verifyElementPropertyValue(response, "password", "123456789"): Verify element property value successfully

2022-01-24 10:24:23 - [MESSAGE][PASSED] - Verify element property value successfully

2022-01-24 10:24:23 - [TEST_STEP][PASSED] - verifyElementPropertyValue(response, "gender", "MALE"): Verify element property value successfully

2022-01-24 10:24:23 - [MESSAGE][PASSED] - Verify element property value successfully

2022-01-24 10:24:23 - [MESSAGE][PASSED] - Verify response successfully

2022-01-24 10:24:23 - [MESSAGE][PASSED] - Send request and verify the response successfully

2022-01-24 10:24:23 - [MESSAGE][PASSED] - sample.Common.createNewUser is PASSED]]></system-out>
         <system-err><![CDATA[]]></system-err>
      </testcase>
      <testcase name="Test Cases/Find user by ID" time="3.394" classname="Test Cases/Find user by ID" status="PASSED">
         <system-out><![CDATA[2022-01-24 10:24:23 - [TEST_CASE][PASSED] - Test Cases/Find user by ID: Test Cases/Find user by ID

2022-01-24 10:24:23 - [TEST_STEP][PASSED] - id = sample.Common.createNewUser(age, username, password, gender, 200): sample.Common.createNewUser is PASSED

2022-01-24 10:24:25 - [MESSAGE][INFO] - HAR: /Users/ly.doan/web-service-test/Reports/20220124_102259/Folder B/Folder B.1/Folder B.1.1/web-service-tests - All Test Cases/20220124_102333/requests/main/1.har

2022-01-24 10:24:25 - [TEST_CASE][PASSED] - Start Test Case : Verification: Verification accomplished successfully

2022-01-24 10:24:25 - [TEST_STEP][PASSED] - request = getInstance().getCurrentRequest(): null

2022-01-24 10:24:25 - [TEST_STEP][PASSED] - response = getInstance().getCurrentResponse(): null

2022-01-24 10:24:25 - [TEST_STEP][PASSED] - assert response.getStatusCode() == 200: null

2022-01-24 10:24:25 - [TEST_STEP][PASSED] - verifyElementPropertyValue(response, "age", 25): Verify element property value successfully

2022-01-24 10:24:25 - [MESSAGE][PASSED] - Verify element property value successfully

2022-01-24 10:24:25 - [TEST_STEP][PASSED] - verifyElementPropertyValue(response, "username", "mimi"): Verify element property value successfully

2022-01-24 10:24:25 - [MESSAGE][PASSED] - Verify element property value successfully

2022-01-24 10:24:25 - [TEST_STEP][PASSED] - verifyElementPropertyValue(response, "password", "123456789"): Verify element property value successfully

2022-01-24 10:24:25 - [MESSAGE][PASSED] - Verify element property value successfully

2022-01-24 10:24:25 - [TEST_STEP][PASSED] - verifyElementPropertyValue(response, "gender", "MALE"): Verify element property value successfully

2022-01-24 10:24:25 - [MESSAGE][PASSED] - Verify element property value successfully

2022-01-24 10:24:25 - [MESSAGE][PASSED] - Verify response successfully

2022-01-24 10:24:25 - [MESSAGE][PASSED] - Send request and verify the response successfully

2022-01-24 10:24:25 - [MESSAGE][PASSED] - sample.Common.createNewUser is PASSED

2022-01-24 10:24:25 - [TEST_STEP][PASSED] - sample.Common.findUserById(id, age, username, password, gender, 200): sample.Common.findUserById is PASSED

2022-01-24 10:24:26 - [MESSAGE][INFO] - HAR: /Users/ly.doan/web-service-test/Reports/20220124_102259/Folder B/Folder B.1/Folder B.1.1/web-service-tests - All Test Cases/20220124_102333/requests/main/2.har

2022-01-24 10:24:26 - [TEST_CASE][PASSED] - Start Test Case : Verification: Verification accomplished successfully

2022-01-24 10:24:26 - [TEST_STEP][PASSED] - request = getInstance().getCurrentRequest(): null

2022-01-24 10:24:26 - [TEST_STEP][PASSED] - response = getInstance().getCurrentResponse(): null

2022-01-24 10:24:26 - [TEST_STEP][PASSED] - assert response.getStatusCode() == 200: null

2022-01-24 10:24:26 - [TEST_STEP][PASSED] - verifyElementPropertyValue(response, "age", 25): Verify element property value successfully

2022-01-24 10:24:26 - [MESSAGE][PASSED] - Verify element property value successfully

2022-01-24 10:24:26 - [TEST_STEP][PASSED] - verifyElementPropertyValue(response, "username", "mimi"): Verify element property value successfully

2022-01-24 10:24:26 - [MESSAGE][PASSED] - Verify element property value successfully

2022-01-24 10:24:26 - [TEST_STEP][PASSED] - verifyElementPropertyValue(response, "password", "123456789"): Verify element property value successfully

2022-01-24 10:24:26 - [MESSAGE][PASSED] - Verify element property value successfully

2022-01-24 10:24:26 - [TEST_STEP][PASSED] - verifyElementPropertyValue(response, "gender", "MALE"): Verify element property value successfully

2022-01-24 10:24:26 - [MESSAGE][PASSED] - Verify element property value successfully

2022-01-24 10:24:26 - [MESSAGE][PASSED] - Verify response successfully

2022-01-24 10:24:26 - [MESSAGE][PASSED] - Send request and verify the response successfully

2022-01-24 10:24:26 - [MESSAGE][PASSED] - sample.Common.findUserById is PASSED]]></system-out>
         <system-err><![CDATA[]]></system-err>
      </testcase>
      <system-out><![CDATA[2022-01-24 10:24:20 - [TEST_SUITE][PASSED] - web-service-tests - All Test Cases: Test Cases/Find user by ID]]></system-out>
      <system-err><![CDATA[]]></system-err>
   </testsuite>
</testsuites>
