<?xml version="1.0" encoding="UTF-8"?>
<testsuites name="你好" time="5.523" tests="1" failures="0" errors="0">
   <testsuite name="你好" tests="1" failures="0" errors="0" time="5.523" skipped="0" timestamp="2022-03-04 13:59:46" hostname="ly.doan - 192.168.1.4" id="Test Suites/Folder B/Folder B.1/Folder B.1.1/Folder B.1.1.1/你好">
      <properties>
         <property name="deviceName" value=""/>
         <property name="devicePlatform" value=""/>
         <property name="logFolder" value="/Users/ly.doan/web-service-test/Reports/20220304_135755/Folder B/Folder B.1/Folder B.1.1/Folder B.1.1.1/\u4F60\u597D/20220304_135821"/>
         <property name="logFiles" value="/Users/ly.doan/web-service-test/Reports/20220304_135755/Folder B/Folder B.1/Folder B.1.1/Folder B.1.1.1/\u4F60\u597D/20220304_135821/execution0.log"/>
         <property name="attachments" value=""/>
         <property name="hostName" value="ly.doan - 192.168.1.4"/>
         <property name="hostAddress" value="192.168.1.4"/>
         <property name="os" value="Mac OS X 64bit"/>
         <property name="katalonVersion" value="8.1.0.208"/>
      </properties>
      <testcase name="Test Cases/Create a new user" time="4.372" classname="Test Cases/Create a new user" status="PASSED">
         <system-out><![CDATA[2022-03-04 13:59:46 - [TEST_CASE][PASSED] - Test Cases/Create a new user: Test Cases/Create a new user

2022-03-04 13:59:46 - [TEST_STEP][PASSED] - sample.Common.createNewUser(age, username, password, gender, 200): sample.Common.createNewUser is PASSED

2022-03-04 13:59:50 - [MESSAGE][INFO] - HAR: /Users/ly.doan/web-service-test/Reports/20220304_135755/Folder B/Folder B.1/Folder B.1.1/Folder B.1.1.1/你好/20220304_135821/requests/main/0.har

2022-03-04 13:59:50 - [TEST_CASE][PASSED] - Start Test Case : Verification: Verification accomplished successfully

2022-03-04 13:59:50 - [TEST_STEP][PASSED] - request = getInstance().getCurrentRequest(): null

2022-03-04 13:59:50 - [TEST_STEP][PASSED] - response = getInstance().getCurrentResponse(): null

2022-03-04 13:59:50 - [TEST_STEP][PASSED] - assert response.getStatusCode() == 200: null

2022-03-04 13:59:50 - [TEST_STEP][PASSED] - verifyElementPropertyValue(response, "age", 25): Verify element property value successfully

2022-03-04 13:59:50 - [MESSAGE][PASSED] - Verify element property value successfully

2022-03-04 13:59:50 - [TEST_STEP][PASSED] - verifyElementPropertyValue(response, "username", "mimi"): Verify element property value successfully

2022-03-04 13:59:50 - [MESSAGE][PASSED] - Verify element property value successfully

2022-03-04 13:59:50 - [TEST_STEP][PASSED] - verifyElementPropertyValue(response, "password", "123456789"): Verify element property value successfully

2022-03-04 13:59:50 - [MESSAGE][PASSED] - Verify element property value successfully

2022-03-04 13:59:50 - [TEST_STEP][PASSED] - verifyElementPropertyValue(response, "gender", "MALE"): Verify element property value successfully

2022-03-04 13:59:50 - [MESSAGE][PASSED] - Verify element property value successfully

2022-03-04 13:59:50 - [MESSAGE][PASSED] - Verify response successfully

2022-03-04 13:59:50 - [MESSAGE][PASSED] - Send request and verify the response successfully

2022-03-04 13:59:50 - [MESSAGE][PASSED] - sample.Common.createNewUser is PASSED]]></system-out>
         <system-err><![CDATA[]]></system-err>
      </testcase>
      <system-out><![CDATA[2022-03-04 13:59:46 - [TEST_SUITE][PASSED] - 你好: Test Cases/Create a new user]]></system-out>
      <system-err><![CDATA[]]></system-err>
   </testsuite>
</testsuites>
