<?xml version="1.0" encoding="UTF-8"?>
<testsuites name="New Test Suit()e_----hu,dhu(0" time="28.631" tests="2" failures="0" errors="0">
   <testsuite name="New Test Suit()e_----hu,dhu(0" tests="2" failures="0" errors="0" time="28.631" skipped="0" timestamp="2022-01-24 10:03:49" hostname="ly.doan - 192.168.1.6" id="Test Suites/New Test Suit()e_----hu,dhu(0">
      <properties>
         <property name="deviceName" value=""/>
         <property name="devicePlatform" value=""/>
         <property name="logFolder" value="/Users/ly.doan/web-service-test/Reports/20220124_100331/New Test Suit()e_----hu,dhu(0/20220124_100331"/>
         <property name="logFiles" value="/Users/ly.doan/web-service-test/Reports/20220124_100331/New Test Suit()e_----hu,dhu(0/20220124_100331/execution0.log"/>
         <property name="attachments" value=""/>
         <property name="hostName" value="ly.doan - 192.168.1.6"/>
         <property name="hostAddress" value="192.168.1.6"/>
         <property name="os" value="Mac OS X 64bit"/>
         <property name="katalonVersion" value="8.1.0.208"/>
      </properties>
      <testcase name="Test Cases/Find user by ID" time="26.167" classname="Test Cases/Find user by ID" status="PASSED">
         <system-out><![CDATA[2022-01-24 10:03:50 - [TEST_CASE][PASSED] - Test Cases/Find user by ID: Test Cases/Find user by ID

2022-01-24 10:03:50 - [TEST_STEP][PASSED] - id = sample.Common.createNewUser(age, username, password, gender, 200): sample.Common.createNewUser is PASSED

2022-01-24 10:04:14 - [MESSAGE][INFO] - HAR: /Users/ly.doan/web-service-test/Reports/20220124_100331/New Test Suit()e_----hu,dhu(0/20220124_100331/requests/main/0.har

2022-01-24 10:04:14 - [TEST_CASE][PASSED] - Start Test Case : Verification: Verification accomplished successfully

2022-01-24 10:04:14 - [TEST_STEP][PASSED] - request = getInstance().getCurrentRequest(): null

2022-01-24 10:04:14 - [TEST_STEP][PASSED] - response = getInstance().getCurrentResponse(): null

2022-01-24 10:04:14 - [TEST_STEP][PASSED] - assert response.getStatusCode() == 200: null

2022-01-24 10:04:14 - [TEST_STEP][PASSED] - verifyElementPropertyValue(response, "age", 25): Verify element property value successfully

2022-01-24 10:04:14 - [MESSAGE][PASSED] - Verify element property value successfully

2022-01-24 10:04:14 - [TEST_STEP][PASSED] - verifyElementPropertyValue(response, "username", "mimi"): Verify element property value successfully

2022-01-24 10:04:14 - [MESSAGE][PASSED] - Verify element property value successfully

2022-01-24 10:04:14 - [TEST_STEP][PASSED] - verifyElementPropertyValue(response, "password", "123456789"): Verify element property value successfully

2022-01-24 10:04:14 - [MESSAGE][PASSED] - Verify element property value successfully

2022-01-24 10:04:14 - [TEST_STEP][PASSED] - verifyElementPropertyValue(response, "gender", "MALE"): Verify element property value successfully

2022-01-24 10:04:14 - [MESSAGE][PASSED] - Verify element property value successfully

2022-01-24 10:04:14 - [MESSAGE][PASSED] - Verify response successfully

2022-01-24 10:04:14 - [MESSAGE][PASSED] - Send request and verify the response successfully

2022-01-24 10:04:14 - [MESSAGE][PASSED] - sample.Common.createNewUser is PASSED

2022-01-24 10:04:14 - [TEST_STEP][PASSED] - sample.Common.findUserById(id, age, username, password, gender, 200): sample.Common.findUserById is PASSED

2022-01-24 10:04:15 - [MESSAGE][INFO] - HAR: /Users/ly.doan/web-service-test/Reports/20220124_100331/New Test Suit()e_----hu,dhu(0/20220124_100331/requests/main/1.har

2022-01-24 10:04:16 - [TEST_CASE][PASSED] - Start Test Case : Verification: Verification accomplished successfully

2022-01-24 10:04:16 - [TEST_STEP][PASSED] - request = getInstance().getCurrentRequest(): null

2022-01-24 10:04:16 - [TEST_STEP][PASSED] - response = getInstance().getCurrentResponse(): null

2022-01-24 10:04:16 - [TEST_STEP][PASSED] - assert response.getStatusCode() == 200: null

2022-01-24 10:04:16 - [TEST_STEP][PASSED] - verifyElementPropertyValue(response, "age", 25): Verify element property value successfully

2022-01-24 10:04:16 - [MESSAGE][PASSED] - Verify element property value successfully

2022-01-24 10:04:16 - [TEST_STEP][PASSED] - verifyElementPropertyValue(response, "username", "mimi"): Verify element property value successfully

2022-01-24 10:04:16 - [MESSAGE][PASSED] - Verify element property value successfully

2022-01-24 10:04:16 - [TEST_STEP][PASSED] - verifyElementPropertyValue(response, "password", "123456789"): Verify element property value successfully

2022-01-24 10:04:16 - [MESSAGE][PASSED] - Verify element property value successfully

2022-01-24 10:04:16 - [TEST_STEP][PASSED] - verifyElementPropertyValue(response, "gender", "MALE"): Verify element property value successfully

2022-01-24 10:04:16 - [MESSAGE][PASSED] - Verify element property value successfully

2022-01-24 10:04:16 - [MESSAGE][PASSED] - Verify response successfully

2022-01-24 10:04:16 - [MESSAGE][PASSED] - Send request and verify the response successfully

2022-01-24 10:04:16 - [MESSAGE][PASSED] - sample.Common.findUserById is PASSED]]></system-out>
         <system-err><![CDATA[]]></system-err>
      </testcase>
      <testcase name="Test Cases/Create a new user" time="1.669" classname="Test Cases/Create a new user" status="PASSED">
         <system-out><![CDATA[2022-01-24 10:04:16 - [TEST_CASE][PASSED] - Test Cases/Create a new user: Test Cases/Create a new user

2022-01-24 10:04:16 - [TEST_STEP][PASSED] - sample.Common.createNewUser(age, username, password, gender, 200): sample.Common.createNewUser is PASSED

2022-01-24 10:04:17 - [MESSAGE][INFO] - HAR: /Users/ly.doan/web-service-test/Reports/20220124_100331/New Test Suit()e_----hu,dhu(0/20220124_100331/requests/main/2.har

2022-01-24 10:04:17 - [TEST_CASE][PASSED] - Start Test Case : Verification: Verification accomplished successfully

2022-01-24 10:04:17 - [TEST_STEP][PASSED] - request = getInstance().getCurrentRequest(): null

2022-01-24 10:04:17 - [TEST_STEP][PASSED] - response = getInstance().getCurrentResponse(): null

2022-01-24 10:04:17 - [TEST_STEP][PASSED] - assert response.getStatusCode() == 200: null

2022-01-24 10:04:17 - [TEST_STEP][PASSED] - verifyElementPropertyValue(response, "age", 25): Verify element property value successfully

2022-01-24 10:04:17 - [MESSAGE][PASSED] - Verify element property value successfully

2022-01-24 10:04:17 - [TEST_STEP][PASSED] - verifyElementPropertyValue(response, "username", "mimi"): Verify element property value successfully

2022-01-24 10:04:17 - [MESSAGE][PASSED] - Verify element property value successfully

2022-01-24 10:04:17 - [TEST_STEP][PASSED] - verifyElementPropertyValue(response, "password", "123456789"): Verify element property value successfully

2022-01-24 10:04:17 - [MESSAGE][PASSED] - Verify element property value successfully

2022-01-24 10:04:17 - [TEST_STEP][PASSED] - verifyElementPropertyValue(response, "gender", "MALE"): Verify element property value successfully

2022-01-24 10:04:17 - [MESSAGE][PASSED] - Verify element property value successfully

2022-01-24 10:04:17 - [MESSAGE][PASSED] - Verify response successfully

2022-01-24 10:04:17 - [MESSAGE][PASSED] - Send request and verify the response successfully

2022-01-24 10:04:17 - [MESSAGE][PASSED] - sample.Common.createNewUser is PASSED]]></system-out>
         <system-err><![CDATA[]]></system-err>
      </testcase>
      <system-out><![CDATA[2022-01-24 10:03:49 - [TEST_SUITE][PASSED] - New Test Suit()e_----hu,dhu(0: Test Cases/Create a new user]]></system-out>
      <system-err><![CDATA[]]></system-err>
   </testsuite>
</testsuites>
